Symlinking /home/waqas/rosbridge_ws/devel/share/rosbridge_msgs/cmake/rosbridge_msgs-msg-extras.cmake
Symlinking /home/waqas/rosbridge_ws/devel/share/rosbridge_msgs/cmake/rosbridge_msgsConfig.cmake
Symlinking /home/waqas/rosbridge_ws/devel/share/rosbridge_msgs/cmake/rosbridge_msgs-msg-paths.cmake
Symlinking /home/waqas/rosbridge_ws/devel/share/rosbridge_msgs/cmake/rosbridge_msgsConfig-version.cmake
Symlinking /home/waqas/rosbridge_ws/devel/share/common-lisp/ros/rosbridge_msgs/msg/ConnectedClients.lisp
Symlinking /home/waqas/rosbridge_ws/devel/share/common-lisp/ros/rosbridge_msgs/msg/_package_ConnectedClients.lisp
Symlinking /home/waqas/rosbridge_ws/devel/share/common-lisp/ros/rosbridge_msgs/msg/_package.lisp
Symlinking /home/waqas/rosbridge_ws/devel/share/common-lisp/ros/rosbridge_msgs/msg/ConnectedClient.lisp
Symlinking /home/waqas/rosbridge_ws/devel/share/common-lisp/ros/rosbridge_msgs/msg/rosbridge_msgs-msg.asd
Symlinking /home/waqas/rosbridge_ws/devel/share/common-lisp/ros/rosbridge_msgs/msg/_package_ConnectedClient.lisp
Symlinking /home/waqas/rosbridge_ws/devel/share/gennodejs/ros/rosbridge_msgs/_index.js
Symlinking /home/waqas/rosbridge_ws/devel/share/gennodejs/ros/rosbridge_msgs/msg/ConnectedClients.js
Symlinking /home/waqas/rosbridge_ws/devel/share/gennodejs/ros/rosbridge_msgs/msg/ConnectedClient.js
Symlinking /home/waqas/rosbridge_ws/devel/share/gennodejs/ros/rosbridge_msgs/msg/_index.js
Symlinking /home/waqas/rosbridge_ws/devel/share/roseus/ros/rosbridge_msgs/manifest.l
Symlinking /home/waqas/rosbridge_ws/devel/share/roseus/ros/rosbridge_msgs/msg/ConnectedClient.l
Symlinking /home/waqas/rosbridge_ws/devel/share/roseus/ros/rosbridge_msgs/msg/ConnectedClients.l
Symlinking /home/waqas/rosbridge_ws/devel/lib/python3/dist-packages/rosbridge_msgs/__init__.py
Symlinking /home/waqas/rosbridge_ws/devel/lib/python3/dist-packages/rosbridge_msgs/msg/_ConnectedClient.py
Symlinking /home/waqas/rosbridge_ws/devel/lib/python3/dist-packages/rosbridge_msgs/msg/_ConnectedClients.py
Symlinking /home/waqas/rosbridge_ws/devel/lib/python3/dist-packages/rosbridge_msgs/msg/__init__.py
Symlinking /home/waqas/rosbridge_ws/devel/lib/pkgconfig/rosbridge_msgs.pc
Symlinking /home/waqas/rosbridge_ws/devel/include/rosbridge_msgs/ConnectedClients.h
Symlinking /home/waqas/rosbridge_ws/devel/include/rosbridge_msgs/ConnectedClient.h
