Linked: (/home/waqas/rosbridge_ws/devel/.private/rosbridge_msgs/share/rosbridge_msgs/cmake/rosbridge_msgs-msg-extras.cmake, /home/waqas/rosbridge_ws/devel/share/rosbridge_msgs/cmake/rosbridge_msgs-msg-extras.cmake)
Linked: (/home/waqas/rosbridge_ws/devel/.private/rosbridge_msgs/share/rosbridge_msgs/cmake/rosbridge_msgsConfig.cmake, /home/waqas/rosbridge_ws/devel/share/rosbridge_msgs/cmake/rosbridge_msgsConfig.cmake)
Linked: (/home/waqas/rosbridge_ws/devel/.private/rosbridge_msgs/share/rosbridge_msgs/cmake/rosbridge_msgs-msg-paths.cmake, /home/waqas/rosbridge_ws/devel/share/rosbridge_msgs/cmake/rosbridge_msgs-msg-paths.cmake)
Linked: (/home/waqas/rosbridge_ws/devel/.private/rosbridge_msgs/share/rosbridge_msgs/cmake/rosbridge_msgsConfig-version.cmake, /home/waqas/rosbridge_ws/devel/share/rosbridge_msgs/cmake/rosbridge_msgsConfig-version.cmake)
Linked: (/home/waqas/rosbridge_ws/devel/.private/rosbridge_msgs/share/common-lisp/ros/rosbridge_msgs/msg/ConnectedClients.lisp, /home/waqas/rosbridge_ws/devel/share/common-lisp/ros/rosbridge_msgs/msg/ConnectedClients.lisp)
Linked: (/home/waqas/rosbridge_ws/devel/.private/rosbridge_msgs/share/common-lisp/ros/rosbridge_msgs/msg/_package_ConnectedClients.lisp, /home/waqas/rosbridge_ws/devel/share/common-lisp/ros/rosbridge_msgs/msg/_package_ConnectedClients.lisp)
Linked: (/home/waqas/rosbridge_ws/devel/.private/rosbridge_msgs/share/common-lisp/ros/rosbridge_msgs/msg/_package.lisp, /home/waqas/rosbridge_ws/devel/share/common-lisp/ros/rosbridge_msgs/msg/_package.lisp)
Linked: (/home/waqas/rosbridge_ws/devel/.private/rosbridge_msgs/share/common-lisp/ros/rosbridge_msgs/msg/ConnectedClient.lisp, /home/waqas/rosbridge_ws/devel/share/common-lisp/ros/rosbridge_msgs/msg/ConnectedClient.lisp)
Linked: (/home/waqas/rosbridge_ws/devel/.private/rosbridge_msgs/share/common-lisp/ros/rosbridge_msgs/msg/rosbridge_msgs-msg.asd, /home/waqas/rosbridge_ws/devel/share/common-lisp/ros/rosbridge_msgs/msg/rosbridge_msgs-msg.asd)
Linked: (/home/waqas/rosbridge_ws/devel/.private/rosbridge_msgs/share/common-lisp/ros/rosbridge_msgs/msg/_package_ConnectedClient.lisp, /home/waqas/rosbridge_ws/devel/share/common-lisp/ros/rosbridge_msgs/msg/_package_ConnectedClient.lisp)
Linked: (/home/waqas/rosbridge_ws/devel/.private/rosbridge_msgs/share/gennodejs/ros/rosbridge_msgs/_index.js, /home/waqas/rosbridge_ws/devel/share/gennodejs/ros/rosbridge_msgs/_index.js)
Linked: (/home/waqas/rosbridge_ws/devel/.private/rosbridge_msgs/share/gennodejs/ros/rosbridge_msgs/msg/ConnectedClients.js, /home/waqas/rosbridge_ws/devel/share/gennodejs/ros/rosbridge_msgs/msg/ConnectedClients.js)
Linked: (/home/waqas/rosbridge_ws/devel/.private/rosbridge_msgs/share/gennodejs/ros/rosbridge_msgs/msg/ConnectedClient.js, /home/waqas/rosbridge_ws/devel/share/gennodejs/ros/rosbridge_msgs/msg/ConnectedClient.js)
Linked: (/home/waqas/rosbridge_ws/devel/.private/rosbridge_msgs/share/gennodejs/ros/rosbridge_msgs/msg/_index.js, /home/waqas/rosbridge_ws/devel/share/gennodejs/ros/rosbridge_msgs/msg/_index.js)
Linked: (/home/waqas/rosbridge_ws/devel/.private/rosbridge_msgs/share/roseus/ros/rosbridge_msgs/manifest.l, /home/waqas/rosbridge_ws/devel/share/roseus/ros/rosbridge_msgs/manifest.l)
Linked: (/home/waqas/rosbridge_ws/devel/.private/rosbridge_msgs/share/roseus/ros/rosbridge_msgs/msg/ConnectedClient.l, /home/waqas/rosbridge_ws/devel/share/roseus/ros/rosbridge_msgs/msg/ConnectedClient.l)
Linked: (/home/waqas/rosbridge_ws/devel/.private/rosbridge_msgs/share/roseus/ros/rosbridge_msgs/msg/ConnectedClients.l, /home/waqas/rosbridge_ws/devel/share/roseus/ros/rosbridge_msgs/msg/ConnectedClients.l)
Linked: (/home/waqas/rosbridge_ws/devel/.private/rosbridge_msgs/lib/python3/dist-packages/rosbridge_msgs/__init__.py, /home/waqas/rosbridge_ws/devel/lib/python3/dist-packages/rosbridge_msgs/__init__.py)
Linked: (/home/waqas/rosbridge_ws/devel/.private/rosbridge_msgs/lib/python3/dist-packages/rosbridge_msgs/msg/_ConnectedClient.py, /home/waqas/rosbridge_ws/devel/lib/python3/dist-packages/rosbridge_msgs/msg/_ConnectedClient.py)
Linked: (/home/waqas/rosbridge_ws/devel/.private/rosbridge_msgs/lib/python3/dist-packages/rosbridge_msgs/msg/_ConnectedClients.py, /home/waqas/rosbridge_ws/devel/lib/python3/dist-packages/rosbridge_msgs/msg/_ConnectedClients.py)
Linked: (/home/waqas/rosbridge_ws/devel/.private/rosbridge_msgs/lib/python3/dist-packages/rosbridge_msgs/msg/__init__.py, /home/waqas/rosbridge_ws/devel/lib/python3/dist-packages/rosbridge_msgs/msg/__init__.py)
Linked: (/home/waqas/rosbridge_ws/devel/.private/rosbridge_msgs/lib/pkgconfig/rosbridge_msgs.pc, /home/waqas/rosbridge_ws/devel/lib/pkgconfig/rosbridge_msgs.pc)
Linked: (/home/waqas/rosbridge_ws/devel/.private/rosbridge_msgs/include/rosbridge_msgs/ConnectedClients.h, /home/waqas/rosbridge_ws/devel/include/rosbridge_msgs/ConnectedClients.h)
Linked: (/home/waqas/rosbridge_ws/devel/.private/rosbridge_msgs/include/rosbridge_msgs/ConnectedClient.h, /home/waqas/rosbridge_ws/devel/include/rosbridge_msgs/ConnectedClient.h)
