Linked: (/home/waqas/rosbridge_ws/devel/.private/rosauth/share/common-lisp/ros/rosauth/srv/Authentication.lisp, /home/waqas/rosbridge_ws/devel/share/common-lisp/ros/rosauth/srv/Authentication.lisp)
Linked: (/home/waqas/rosbridge_ws/devel/.private/rosauth/share/common-lisp/ros/rosauth/srv/rosauth-srv.asd, /home/waqas/rosbridge_ws/devel/share/common-lisp/ros/rosauth/srv/rosauth-srv.asd)
Linked: (/home/waqas/rosbridge_ws/devel/.private/rosauth/share/common-lisp/ros/rosauth/srv/_package_Authentication.lisp, /home/waqas/rosbridge_ws/devel/share/common-lisp/ros/rosauth/srv/_package_Authentication.lisp)
Linked: (/home/waqas/rosbridge_ws/devel/.private/rosauth/share/common-lisp/ros/rosauth/srv/_package.lisp, /home/waqas/rosbridge_ws/devel/share/common-lisp/ros/rosauth/srv/_package.lisp)
Linked: (/home/waqas/rosbridge_ws/devel/.private/rosauth/share/gennodejs/ros/rosauth/_index.js, /home/waqas/rosbridge_ws/devel/share/gennodejs/ros/rosauth/_index.js)
Linked: (/home/waqas/rosbridge_ws/devel/.private/rosauth/share/gennodejs/ros/rosauth/srv/_index.js, /home/waqas/rosbridge_ws/devel/share/gennodejs/ros/rosauth/srv/_index.js)
Linked: (/home/waqas/rosbridge_ws/devel/.private/rosauth/share/gennodejs/ros/rosauth/srv/Authentication.js, /home/waqas/rosbridge_ws/devel/share/gennodejs/ros/rosauth/srv/Authentication.js)
Linked: (/home/waqas/rosbridge_ws/devel/.private/rosauth/share/roseus/ros/rosauth/manifest.l, /home/waqas/rosbridge_ws/devel/share/roseus/ros/rosauth/manifest.l)
Linked: (/home/waqas/rosbridge_ws/devel/.private/rosauth/share/roseus/ros/rosauth/srv/Authentication.l, /home/waqas/rosbridge_ws/devel/share/roseus/ros/rosauth/srv/Authentication.l)
Linked: (/home/waqas/rosbridge_ws/devel/.private/rosauth/share/rosauth/cmake/rosauthConfig.cmake, /home/waqas/rosbridge_ws/devel/share/rosauth/cmake/rosauthConfig.cmake)
Linked: (/home/waqas/rosbridge_ws/devel/.private/rosauth/share/rosauth/cmake/rosauthConfig-version.cmake, /home/waqas/rosbridge_ws/devel/share/rosauth/cmake/rosauthConfig-version.cmake)
Linked: (/home/waqas/rosbridge_ws/devel/.private/rosauth/share/rosauth/cmake/rosauth-msg-paths.cmake, /home/waqas/rosbridge_ws/devel/share/rosauth/cmake/rosauth-msg-paths.cmake)
Linked: (/home/waqas/rosbridge_ws/devel/.private/rosauth/share/rosauth/cmake/rosauth-msg-extras.cmake, /home/waqas/rosbridge_ws/devel/share/rosauth/cmake/rosauth-msg-extras.cmake)
Linked: (/home/waqas/rosbridge_ws/devel/.private/rosauth/lib/python3/dist-packages/rosauth/__init__.py, /home/waqas/rosbridge_ws/devel/lib/python3/dist-packages/rosauth/__init__.py)
Linked: (/home/waqas/rosbridge_ws/devel/.private/rosauth/lib/python3/dist-packages/rosauth/srv/_Authentication.py, /home/waqas/rosbridge_ws/devel/lib/python3/dist-packages/rosauth/srv/_Authentication.py)
Linked: (/home/waqas/rosbridge_ws/devel/.private/rosauth/lib/python3/dist-packages/rosauth/srv/__init__.py, /home/waqas/rosbridge_ws/devel/lib/python3/dist-packages/rosauth/srv/__init__.py)
Linked: (/home/waqas/rosbridge_ws/devel/.private/rosauth/lib/rosauth/ros_mac_authentication_test, /home/waqas/rosbridge_ws/devel/lib/rosauth/ros_mac_authentication_test)
Linked: (/home/waqas/rosbridge_ws/devel/.private/rosauth/lib/rosauth/ros_mac_authentication, /home/waqas/rosbridge_ws/devel/lib/rosauth/ros_mac_authentication)
Linked: (/home/waqas/rosbridge_ws/devel/.private/rosauth/lib/pkgconfig/rosauth.pc, /home/waqas/rosbridge_ws/devel/lib/pkgconfig/rosauth.pc)
Linked: (/home/waqas/rosbridge_ws/devel/.private/rosauth/include/rosauth/AuthenticationResponse.h, /home/waqas/rosbridge_ws/devel/include/rosauth/AuthenticationResponse.h)
Linked: (/home/waqas/rosbridge_ws/devel/.private/rosauth/include/rosauth/AuthenticationRequest.h, /home/waqas/rosbridge_ws/devel/include/rosauth/AuthenticationRequest.h)
Linked: (/home/waqas/rosbridge_ws/devel/.private/rosauth/include/rosauth/Authentication.h, /home/waqas/rosbridge_ws/devel/include/rosauth/Authentication.h)
