Symlinking /home/waqas/rosbridge_ws/devel/share/common-lisp/ros/rosauth/srv/Authentication.lisp
Symlinking /home/waqas/rosbridge_ws/devel/share/common-lisp/ros/rosauth/srv/rosauth-srv.asd
Symlinking /home/waqas/rosbridge_ws/devel/share/common-lisp/ros/rosauth/srv/_package_Authentication.lisp
Symlinking /home/waqas/rosbridge_ws/devel/share/common-lisp/ros/rosauth/srv/_package.lisp
Symlinking /home/waqas/rosbridge_ws/devel/share/gennodejs/ros/rosauth/_index.js
Symlinking /home/waqas/rosbridge_ws/devel/share/gennodejs/ros/rosauth/srv/_index.js
Symlinking /home/waqas/rosbridge_ws/devel/share/gennodejs/ros/rosauth/srv/Authentication.js
Symlinking /home/waqas/rosbridge_ws/devel/share/roseus/ros/rosauth/manifest.l
Symlinking /home/waqas/rosbridge_ws/devel/share/roseus/ros/rosauth/srv/Authentication.l
Symlinking /home/waqas/rosbridge_ws/devel/share/rosauth/cmake/rosauthConfig.cmake
Symlinking /home/waqas/rosbridge_ws/devel/share/rosauth/cmake/rosauthConfig-version.cmake
Symlinking /home/waqas/rosbridge_ws/devel/share/rosauth/cmake/rosauth-msg-paths.cmake
Symlinking /home/waqas/rosbridge_ws/devel/share/rosauth/cmake/rosauth-msg-extras.cmake
Symlinking /home/waqas/rosbridge_ws/devel/lib/python3/dist-packages/rosauth/__init__.py
Symlinking /home/waqas/rosbridge_ws/devel/lib/python3/dist-packages/rosauth/srv/_Authentication.py
Symlinking /home/waqas/rosbridge_ws/devel/lib/python3/dist-packages/rosauth/srv/__init__.py
Symlinking /home/waqas/rosbridge_ws/devel/lib/rosauth/ros_mac_authentication_test
Symlinking /home/waqas/rosbridge_ws/devel/lib/rosauth/ros_mac_authentication
Symlinking /home/waqas/rosbridge_ws/devel/lib/pkgconfig/rosauth.pc
Symlinking /home/waqas/rosbridge_ws/devel/include/rosauth/AuthenticationResponse.h
Symlinking /home/waqas/rosbridge_ws/devel/include/rosauth/AuthenticationRequest.h
Symlinking /home/waqas/rosbridge_ws/devel/include/rosauth/Authentication.h
