Symlinking /home/waqas/rosbridge_ws/devel/share/rosapi/cmake/rosapiConfig.cmake
Symlinking /home/waqas/rosbridge_ws/devel/share/rosapi/cmake/rosapi-msg-paths.cmake
Symlinking /home/waqas/rosbridge_ws/devel/share/rosapi/cmake/rosapi-msg-extras.cmake
Symlinking /home/waqas/rosbridge_ws/devel/share/rosapi/cmake/rosapiConfig-version.cmake
Symlinking /home/waqas/rosbridge_ws/devel/share/common-lisp/ros/rosapi/msg/rosapi-msg.asd
Symlinking /home/waqas/rosbridge_ws/devel/share/common-lisp/ros/rosapi/msg/TypeDef.lisp
Symlinking /home/waqas/rosbridge_ws/devel/share/common-lisp/ros/rosapi/msg/_package_TypeDef.lisp
Symlinking /home/waqas/rosbridge_ws/devel/share/common-lisp/ros/rosapi/msg/_package.lisp
Symlinking /home/waqas/rosbridge_ws/devel/share/common-lisp/ros/rosapi/srv/_package_GetActionServers.lisp
Symlinking /home/waqas/rosbridge_ws/devel/share/common-lisp/ros/rosapi/srv/_package_ServiceRequestDetails.lisp
Symlinking /home/waqas/rosbridge_ws/devel/share/common-lisp/ros/rosapi/srv/_package_GetTime.lisp
Symlinking /home/waqas/rosbridge_ws/devel/share/common-lisp/ros/rosapi/srv/_package_Services.lisp
Symlinking /home/waqas/rosbridge_ws/devel/share/common-lisp/ros/rosapi/srv/TopicsAndRawTypes.lisp
Symlinking /home/waqas/rosbridge_ws/devel/share/common-lisp/ros/rosapi/srv/SearchParam.lisp
Symlinking /home/waqas/rosbridge_ws/devel/share/common-lisp/ros/rosapi/srv/NodeDetails.lisp
Symlinking /home/waqas/rosbridge_ws/devel/share/common-lisp/ros/rosapi/srv/_package_MessageDetails.lisp
Symlinking /home/waqas/rosbridge_ws/devel/share/common-lisp/ros/rosapi/srv/ServiceHost.lisp
Symlinking /home/waqas/rosbridge_ws/devel/share/common-lisp/ros/rosapi/srv/ServicesForType.lisp
Symlinking /home/waqas/rosbridge_ws/devel/share/common-lisp/ros/rosapi/srv/_package_SetParam.lisp
Symlinking /home/waqas/rosbridge_ws/devel/share/common-lisp/ros/rosapi/srv/Subscribers.lisp
Symlinking /home/waqas/rosbridge_ws/devel/share/common-lisp/ros/rosapi/srv/_package_ServiceResponseDetails.lisp
Symlinking /home/waqas/rosbridge_ws/devel/share/common-lisp/ros/rosapi/srv/_package_ServiceNode.lisp
Symlinking /home/waqas/rosbridge_ws/devel/share/common-lisp/ros/rosapi/srv/GetParamNames.lisp
Symlinking /home/waqas/rosbridge_ws/devel/share/common-lisp/ros/rosapi/srv/_package_Subscribers.lisp
Symlinking /home/waqas/rosbridge_ws/devel/share/common-lisp/ros/rosapi/srv/_package_ServicesForType.lisp
Symlinking /home/waqas/rosbridge_ws/devel/share/common-lisp/ros/rosapi/srv/_package_Topics.lisp
Symlinking /home/waqas/rosbridge_ws/devel/share/common-lisp/ros/rosapi/srv/ServiceType.lisp
Symlinking /home/waqas/rosbridge_ws/devel/share/common-lisp/ros/rosapi/srv/SetParam.lisp
Symlinking /home/waqas/rosbridge_ws/devel/share/common-lisp/ros/rosapi/srv/Nodes.lisp
Symlinking /home/waqas/rosbridge_ws/devel/share/common-lisp/ros/rosapi/srv/Services.lisp
Symlinking /home/waqas/rosbridge_ws/devel/share/common-lisp/ros/rosapi/srv/GetActionServers.lisp
Symlinking /home/waqas/rosbridge_ws/devel/share/common-lisp/ros/rosapi/srv/ServiceRequestDetails.lisp
Symlinking /home/waqas/rosbridge_ws/devel/share/common-lisp/ros/rosapi/srv/_package_Publishers.lisp
Symlinking /home/waqas/rosbridge_ws/devel/share/common-lisp/ros/rosapi/srv/GetParam.lisp
Symlinking /home/waqas/rosbridge_ws/devel/share/common-lisp/ros/rosapi/srv/_package_TopicsAndRawTypes.lisp
Symlinking /home/waqas/rosbridge_ws/devel/share/common-lisp/ros/rosapi/srv/_package_GetParam.lisp
Symlinking /home/waqas/rosbridge_ws/devel/share/common-lisp/ros/rosapi/srv/TopicsForType.lisp
Symlinking /home/waqas/rosbridge_ws/devel/share/common-lisp/ros/rosapi/srv/MessageDetails.lisp
Symlinking /home/waqas/rosbridge_ws/devel/share/common-lisp/ros/rosapi/srv/_package.lisp
Symlinking /home/waqas/rosbridge_ws/devel/share/common-lisp/ros/rosapi/srv/TopicType.lisp
Symlinking /home/waqas/rosbridge_ws/devel/share/common-lisp/ros/rosapi/srv/Topics.lisp
Symlinking /home/waqas/rosbridge_ws/devel/share/common-lisp/ros/rosapi/srv/_package_NodeDetails.lisp
Symlinking /home/waqas/rosbridge_ws/devel/share/common-lisp/ros/rosapi/srv/_package_SearchParam.lisp
Symlinking /home/waqas/rosbridge_ws/devel/share/common-lisp/ros/rosapi/srv/_package_TopicType.lisp
Symlinking /home/waqas/rosbridge_ws/devel/share/common-lisp/ros/rosapi/srv/_package_GetParamNames.lisp
Symlinking /home/waqas/rosbridge_ws/devel/share/common-lisp/ros/rosapi/srv/ServiceNode.lisp
Symlinking /home/waqas/rosbridge_ws/devel/share/common-lisp/ros/rosapi/srv/_package_ServiceType.lisp
Symlinking /home/waqas/rosbridge_ws/devel/share/common-lisp/ros/rosapi/srv/DeleteParam.lisp
Symlinking /home/waqas/rosbridge_ws/devel/share/common-lisp/ros/rosapi/srv/Publishers.lisp
Symlinking /home/waqas/rosbridge_ws/devel/share/common-lisp/ros/rosapi/srv/_package_HasParam.lisp
Symlinking /home/waqas/rosbridge_ws/devel/share/common-lisp/ros/rosapi/srv/GetTime.lisp
Symlinking /home/waqas/rosbridge_ws/devel/share/common-lisp/ros/rosapi/srv/_package_ServiceHost.lisp
Symlinking /home/waqas/rosbridge_ws/devel/share/common-lisp/ros/rosapi/srv/_package_Nodes.lisp
Symlinking /home/waqas/rosbridge_ws/devel/share/common-lisp/ros/rosapi/srv/_package_TopicsForType.lisp
Symlinking /home/waqas/rosbridge_ws/devel/share/common-lisp/ros/rosapi/srv/_package_ServiceProviders.lisp
Symlinking /home/waqas/rosbridge_ws/devel/share/common-lisp/ros/rosapi/srv/rosapi-srv.asd
Symlinking /home/waqas/rosbridge_ws/devel/share/common-lisp/ros/rosapi/srv/ServiceProviders.lisp
Symlinking /home/waqas/rosbridge_ws/devel/share/common-lisp/ros/rosapi/srv/ServiceResponseDetails.lisp
Symlinking /home/waqas/rosbridge_ws/devel/share/common-lisp/ros/rosapi/srv/_package_DeleteParam.lisp
Symlinking /home/waqas/rosbridge_ws/devel/share/common-lisp/ros/rosapi/srv/HasParam.lisp
Symlinking /home/waqas/rosbridge_ws/devel/share/gennodejs/ros/rosapi/_index.js
Symlinking /home/waqas/rosbridge_ws/devel/share/gennodejs/ros/rosapi/msg/_index.js
Symlinking /home/waqas/rosbridge_ws/devel/share/gennodejs/ros/rosapi/msg/TypeDef.js
Symlinking /home/waqas/rosbridge_ws/devel/share/gennodejs/ros/rosapi/srv/Publishers.js
Symlinking /home/waqas/rosbridge_ws/devel/share/gennodejs/ros/rosapi/srv/ServicesForType.js
Symlinking /home/waqas/rosbridge_ws/devel/share/gennodejs/ros/rosapi/srv/HasParam.js
Symlinking /home/waqas/rosbridge_ws/devel/share/gennodejs/ros/rosapi/srv/NodeDetails.js
Symlinking /home/waqas/rosbridge_ws/devel/share/gennodejs/ros/rosapi/srv/ServiceHost.js
Symlinking /home/waqas/rosbridge_ws/devel/share/gennodejs/ros/rosapi/srv/_index.js
Symlinking /home/waqas/rosbridge_ws/devel/share/gennodejs/ros/rosapi/srv/SetParam.js
Symlinking /home/waqas/rosbridge_ws/devel/share/gennodejs/ros/rosapi/srv/GetParam.js
Symlinking /home/waqas/rosbridge_ws/devel/share/gennodejs/ros/rosapi/srv/ServiceRequestDetails.js
Symlinking /home/waqas/rosbridge_ws/devel/share/gennodejs/ros/rosapi/srv/ServiceProviders.js
Symlinking /home/waqas/rosbridge_ws/devel/share/gennodejs/ros/rosapi/srv/GetParamNames.js
Symlinking /home/waqas/rosbridge_ws/devel/share/gennodejs/ros/rosapi/srv/Services.js
Symlinking /home/waqas/rosbridge_ws/devel/share/gennodejs/ros/rosapi/srv/TopicsForType.js
Symlinking /home/waqas/rosbridge_ws/devel/share/gennodejs/ros/rosapi/srv/TopicsAndRawTypes.js
Symlinking /home/waqas/rosbridge_ws/devel/share/gennodejs/ros/rosapi/srv/TopicType.js
Symlinking /home/waqas/rosbridge_ws/devel/share/gennodejs/ros/rosapi/srv/GetTime.js
Symlinking /home/waqas/rosbridge_ws/devel/share/gennodejs/ros/rosapi/srv/Nodes.js
Symlinking /home/waqas/rosbridge_ws/devel/share/gennodejs/ros/rosapi/srv/ServiceType.js
Symlinking /home/waqas/rosbridge_ws/devel/share/gennodejs/ros/rosapi/srv/GetActionServers.js
Symlinking /home/waqas/rosbridge_ws/devel/share/gennodejs/ros/rosapi/srv/SearchParam.js
Symlinking /home/waqas/rosbridge_ws/devel/share/gennodejs/ros/rosapi/srv/Topics.js
Symlinking /home/waqas/rosbridge_ws/devel/share/gennodejs/ros/rosapi/srv/DeleteParam.js
Symlinking /home/waqas/rosbridge_ws/devel/share/gennodejs/ros/rosapi/srv/ServiceNode.js
Symlinking /home/waqas/rosbridge_ws/devel/share/gennodejs/ros/rosapi/srv/MessageDetails.js
Symlinking /home/waqas/rosbridge_ws/devel/share/gennodejs/ros/rosapi/srv/ServiceResponseDetails.js
Symlinking /home/waqas/rosbridge_ws/devel/share/gennodejs/ros/rosapi/srv/Subscribers.js
Symlinking /home/waqas/rosbridge_ws/devel/share/roseus/ros/rosapi/manifest.l
Symlinking /home/waqas/rosbridge_ws/devel/share/roseus/ros/rosapi/msg/TypeDef.l
Symlinking /home/waqas/rosbridge_ws/devel/share/roseus/ros/rosapi/srv/DeleteParam.l
Symlinking /home/waqas/rosbridge_ws/devel/share/roseus/ros/rosapi/srv/TopicsForType.l
Symlinking /home/waqas/rosbridge_ws/devel/share/roseus/ros/rosapi/srv/GetTime.l
Symlinking /home/waqas/rosbridge_ws/devel/share/roseus/ros/rosapi/srv/ServiceType.l
Symlinking /home/waqas/rosbridge_ws/devel/share/roseus/ros/rosapi/srv/GetParam.l
Symlinking /home/waqas/rosbridge_ws/devel/share/roseus/ros/rosapi/srv/Publishers.l
Symlinking /home/waqas/rosbridge_ws/devel/share/roseus/ros/rosapi/srv/HasParam.l
Symlinking /home/waqas/rosbridge_ws/devel/share/roseus/ros/rosapi/srv/SetParam.l
Symlinking /home/waqas/rosbridge_ws/devel/share/roseus/ros/rosapi/srv/Services.l
Symlinking /home/waqas/rosbridge_ws/devel/share/roseus/ros/rosapi/srv/GetActionServers.l
Symlinking /home/waqas/rosbridge_ws/devel/share/roseus/ros/rosapi/srv/Topics.l
Symlinking /home/waqas/rosbridge_ws/devel/share/roseus/ros/rosapi/srv/SearchParam.l
Symlinking /home/waqas/rosbridge_ws/devel/share/roseus/ros/rosapi/srv/ServiceResponseDetails.l
Symlinking /home/waqas/rosbridge_ws/devel/share/roseus/ros/rosapi/srv/ServiceProviders.l
Symlinking /home/waqas/rosbridge_ws/devel/share/roseus/ros/rosapi/srv/GetParamNames.l
Symlinking /home/waqas/rosbridge_ws/devel/share/roseus/ros/rosapi/srv/Nodes.l
Symlinking /home/waqas/rosbridge_ws/devel/share/roseus/ros/rosapi/srv/MessageDetails.l
Symlinking /home/waqas/rosbridge_ws/devel/share/roseus/ros/rosapi/srv/TopicsAndRawTypes.l
Symlinking /home/waqas/rosbridge_ws/devel/share/roseus/ros/rosapi/srv/ServiceRequestDetails.l
Symlinking /home/waqas/rosbridge_ws/devel/share/roseus/ros/rosapi/srv/NodeDetails.l
Symlinking /home/waqas/rosbridge_ws/devel/share/roseus/ros/rosapi/srv/ServiceNode.l
Symlinking /home/waqas/rosbridge_ws/devel/share/roseus/ros/rosapi/srv/ServicesForType.l
Symlinking /home/waqas/rosbridge_ws/devel/share/roseus/ros/rosapi/srv/Subscribers.l
Symlinking /home/waqas/rosbridge_ws/devel/share/roseus/ros/rosapi/srv/ServiceHost.l
Symlinking /home/waqas/rosbridge_ws/devel/share/roseus/ros/rosapi/srv/TopicType.l
Symlinking /home/waqas/rosbridge_ws/devel/lib/rosapi/rosapi_node
Symlinking /home/waqas/rosbridge_ws/devel/lib/rosapi/cmake.lock
Symlinking /home/waqas/rosbridge_ws/devel/lib/python3/dist-packages/rosapi/__init__.py
Symlinking /home/waqas/rosbridge_ws/devel/lib/python3/dist-packages/rosapi/msg/_TypeDef.py
Symlinking /home/waqas/rosbridge_ws/devel/lib/python3/dist-packages/rosapi/msg/__init__.py
Symlinking /home/waqas/rosbridge_ws/devel/lib/python3/dist-packages/rosapi/srv/_Nodes.py
Symlinking /home/waqas/rosbridge_ws/devel/lib/python3/dist-packages/rosapi/srv/_HasParam.py
Symlinking /home/waqas/rosbridge_ws/devel/lib/python3/dist-packages/rosapi/srv/_NodeDetails.py
Symlinking /home/waqas/rosbridge_ws/devel/lib/python3/dist-packages/rosapi/srv/_ServiceNode.py
Symlinking /home/waqas/rosbridge_ws/devel/lib/python3/dist-packages/rosapi/srv/_GetParamNames.py
Symlinking /home/waqas/rosbridge_ws/devel/lib/python3/dist-packages/rosapi/srv/_ServiceResponseDetails.py
Symlinking /home/waqas/rosbridge_ws/devel/lib/python3/dist-packages/rosapi/srv/_MessageDetails.py
Symlinking /home/waqas/rosbridge_ws/devel/lib/python3/dist-packages/rosapi/srv/_GetParam.py
Symlinking /home/waqas/rosbridge_ws/devel/lib/python3/dist-packages/rosapi/srv/_ServicesForType.py
Symlinking /home/waqas/rosbridge_ws/devel/lib/python3/dist-packages/rosapi/srv/_Topics.py
Symlinking /home/waqas/rosbridge_ws/devel/lib/python3/dist-packages/rosapi/srv/_TopicsForType.py
Symlinking /home/waqas/rosbridge_ws/devel/lib/python3/dist-packages/rosapi/srv/_ServiceHost.py
Symlinking /home/waqas/rosbridge_ws/devel/lib/python3/dist-packages/rosapi/srv/_Publishers.py
Symlinking /home/waqas/rosbridge_ws/devel/lib/python3/dist-packages/rosapi/srv/_ServiceType.py
Symlinking /home/waqas/rosbridge_ws/devel/lib/python3/dist-packages/rosapi/srv/_DeleteParam.py
Symlinking /home/waqas/rosbridge_ws/devel/lib/python3/dist-packages/rosapi/srv/_SearchParam.py
Symlinking /home/waqas/rosbridge_ws/devel/lib/python3/dist-packages/rosapi/srv/__init__.py
Symlinking /home/waqas/rosbridge_ws/devel/lib/python3/dist-packages/rosapi/srv/_Subscribers.py
Symlinking /home/waqas/rosbridge_ws/devel/lib/python3/dist-packages/rosapi/srv/_GetActionServers.py
Symlinking /home/waqas/rosbridge_ws/devel/lib/python3/dist-packages/rosapi/srv/_GetTime.py
Symlinking /home/waqas/rosbridge_ws/devel/lib/python3/dist-packages/rosapi/srv/_ServiceRequestDetails.py
Symlinking /home/waqas/rosbridge_ws/devel/lib/python3/dist-packages/rosapi/srv/_TopicType.py
Symlinking /home/waqas/rosbridge_ws/devel/lib/python3/dist-packages/rosapi/srv/_SetParam.py
Symlinking /home/waqas/rosbridge_ws/devel/lib/python3/dist-packages/rosapi/srv/_ServiceProviders.py
Symlinking /home/waqas/rosbridge_ws/devel/lib/python3/dist-packages/rosapi/srv/_Services.py
Symlinking /home/waqas/rosbridge_ws/devel/lib/python3/dist-packages/rosapi/srv/_TopicsAndRawTypes.py
Symlinking /home/waqas/rosbridge_ws/devel/lib/pkgconfig/rosapi.pc
Symlinking /home/waqas/rosbridge_ws/devel/include/rosapi/ServiceRequestDetails.h
Symlinking /home/waqas/rosbridge_ws/devel/include/rosapi/SetParamResponse.h
Symlinking /home/waqas/rosbridge_ws/devel/include/rosapi/Subscribers.h
Symlinking /home/waqas/rosbridge_ws/devel/include/rosapi/NodeDetails.h
Symlinking /home/waqas/rosbridge_ws/devel/include/rosapi/SearchParamResponse.h
Symlinking /home/waqas/rosbridge_ws/devel/include/rosapi/ServiceProvidersResponse.h
Symlinking /home/waqas/rosbridge_ws/devel/include/rosapi/NodesRequest.h
Symlinking /home/waqas/rosbridge_ws/devel/include/rosapi/PublishersRequest.h
Symlinking /home/waqas/rosbridge_ws/devel/include/rosapi/GetParamResponse.h
Symlinking /home/waqas/rosbridge_ws/devel/include/rosapi/ServiceProviders.h
Symlinking /home/waqas/rosbridge_ws/devel/include/rosapi/GetTime.h
Symlinking /home/waqas/rosbridge_ws/devel/include/rosapi/MessageDetailsRequest.h
Symlinking /home/waqas/rosbridge_ws/devel/include/rosapi/TopicsAndRawTypes.h
Symlinking /home/waqas/rosbridge_ws/devel/include/rosapi/ServicesResponse.h
Symlinking /home/waqas/rosbridge_ws/devel/include/rosapi/SubscribersRequest.h
Symlinking /home/waqas/rosbridge_ws/devel/include/rosapi/TypeDef.h
Symlinking /home/waqas/rosbridge_ws/devel/include/rosapi/GetActionServersRequest.h
Symlinking /home/waqas/rosbridge_ws/devel/include/rosapi/ServiceNodeRequest.h
Symlinking /home/waqas/rosbridge_ws/devel/include/rosapi/ServiceResponseDetailsRequest.h
Symlinking /home/waqas/rosbridge_ws/devel/include/rosapi/ServicesForTypeResponse.h
Symlinking /home/waqas/rosbridge_ws/devel/include/rosapi/TopicsForTypeRequest.h
Symlinking /home/waqas/rosbridge_ws/devel/include/rosapi/HasParamRequest.h
Symlinking /home/waqas/rosbridge_ws/devel/include/rosapi/GetParam.h
Symlinking /home/waqas/rosbridge_ws/devel/include/rosapi/ServiceHostResponse.h
Symlinking /home/waqas/rosbridge_ws/devel/include/rosapi/ServiceRequestDetailsRequest.h
Symlinking /home/waqas/rosbridge_ws/devel/include/rosapi/SetParamRequest.h
Symlinking /home/waqas/rosbridge_ws/devel/include/rosapi/MessageDetailsResponse.h
Symlinking /home/waqas/rosbridge_ws/devel/include/rosapi/ServicesForType.h
Symlinking /home/waqas/rosbridge_ws/devel/include/rosapi/TopicsAndRawTypesResponse.h
Symlinking /home/waqas/rosbridge_ws/devel/include/rosapi/TopicType.h
Symlinking /home/waqas/rosbridge_ws/devel/include/rosapi/ServiceHostRequest.h
Symlinking /home/waqas/rosbridge_ws/devel/include/rosapi/Topics.h
Symlinking /home/waqas/rosbridge_ws/devel/include/rosapi/SetParam.h
Symlinking /home/waqas/rosbridge_ws/devel/include/rosapi/GetParamNamesRequest.h
Symlinking /home/waqas/rosbridge_ws/devel/include/rosapi/TopicsForTypeResponse.h
Symlinking /home/waqas/rosbridge_ws/devel/include/rosapi/ServiceRequestDetailsResponse.h
Symlinking /home/waqas/rosbridge_ws/devel/include/rosapi/NodeDetailsRequest.h
Symlinking /home/waqas/rosbridge_ws/devel/include/rosapi/TopicsRequest.h
Symlinking /home/waqas/rosbridge_ws/devel/include/rosapi/ServiceNodeResponse.h
Symlinking /home/waqas/rosbridge_ws/devel/include/rosapi/TopicTypeRequest.h
Symlinking /home/waqas/rosbridge_ws/devel/include/rosapi/SearchParam.h
Symlinking /home/waqas/rosbridge_ws/devel/include/rosapi/DeleteParamResponse.h
Symlinking /home/waqas/rosbridge_ws/devel/include/rosapi/SearchParamRequest.h
Symlinking /home/waqas/rosbridge_ws/devel/include/rosapi/GetActionServersResponse.h
Symlinking /home/waqas/rosbridge_ws/devel/include/rosapi/ServiceResponseDetailsResponse.h
Symlinking /home/waqas/rosbridge_ws/devel/include/rosapi/SubscribersResponse.h
Symlinking /home/waqas/rosbridge_ws/devel/include/rosapi/GetParamRequest.h
Symlinking /home/waqas/rosbridge_ws/devel/include/rosapi/MessageDetails.h
Symlinking /home/waqas/rosbridge_ws/devel/include/rosapi/TopicTypeResponse.h
Symlinking /home/waqas/rosbridge_ws/devel/include/rosapi/ServiceProvidersRequest.h
Symlinking /home/waqas/rosbridge_ws/devel/include/rosapi/ServicesRequest.h
Symlinking /home/waqas/rosbridge_ws/devel/include/rosapi/DeleteParamRequest.h
Symlinking /home/waqas/rosbridge_ws/devel/include/rosapi/ServiceTypeResponse.h
Symlinking /home/waqas/rosbridge_ws/devel/include/rosapi/ServiceTypeRequest.h
Symlinking /home/waqas/rosbridge_ws/devel/include/rosapi/HasParam.h
Symlinking /home/waqas/rosbridge_ws/devel/include/rosapi/Publishers.h
Symlinking /home/waqas/rosbridge_ws/devel/include/rosapi/Services.h
Symlinking /home/waqas/rosbridge_ws/devel/include/rosapi/TopicsForType.h
Symlinking /home/waqas/rosbridge_ws/devel/include/rosapi/PublishersResponse.h
Symlinking /home/waqas/rosbridge_ws/devel/include/rosapi/ServiceHost.h
Symlinking /home/waqas/rosbridge_ws/devel/include/rosapi/TopicsAndRawTypesRequest.h
Symlinking /home/waqas/rosbridge_ws/devel/include/rosapi/HasParamResponse.h
Symlinking /home/waqas/rosbridge_ws/devel/include/rosapi/NodesResponse.h
Symlinking /home/waqas/rosbridge_ws/devel/include/rosapi/ServiceResponseDetails.h
Symlinking /home/waqas/rosbridge_ws/devel/include/rosapi/NodeDetailsResponse.h
Symlinking /home/waqas/rosbridge_ws/devel/include/rosapi/ServiceNode.h
Symlinking /home/waqas/rosbridge_ws/devel/include/rosapi/ServicesForTypeRequest.h
Symlinking /home/waqas/rosbridge_ws/devel/include/rosapi/GetParamNames.h
Symlinking /home/waqas/rosbridge_ws/devel/include/rosapi/ServiceType.h
Symlinking /home/waqas/rosbridge_ws/devel/include/rosapi/GetParamNamesResponse.h
Symlinking /home/waqas/rosbridge_ws/devel/include/rosapi/TopicsResponse.h
Symlinking /home/waqas/rosbridge_ws/devel/include/rosapi/Nodes.h
Symlinking /home/waqas/rosbridge_ws/devel/include/rosapi/GetTimeResponse.h
Symlinking /home/waqas/rosbridge_ws/devel/include/rosapi/DeleteParam.h
Symlinking /home/waqas/rosbridge_ws/devel/include/rosapi/GetActionServers.h
Symlinking /home/waqas/rosbridge_ws/devel/include/rosapi/GetTimeRequest.h
